2022-03-20 12:41:37 INFO  .:69 - The execution of method loadFiles started here ...
2022-03-20 12:41:37 INFO  .:84 - The execution of method loadFiles ended here ...
2022-03-20 12:41:46 INFO  .:86 - The execution of method navigate started here ...
2022-03-20 12:42:00 INFO  .:98 - The execution of method navigate ended here ...
2022-03-20 12:42:00 INFO  .:166 - In Test Scenario Login the method navigate execution status is :Pass
2022-03-20 12:42:01 INFO  .:32 - The execution of method login started here ...
2022-03-20 12:42:09 INFO  .:50 - The execution of method login ended here ...
2022-03-20 12:42:09 INFO  .:166 - In Test Scenario Login the method login execution status is :Pass
2022-03-20 12:42:11 INFO  .:166 - In Test Scenario Login the method minimizeFlyOutWindow execution status is :Pass
2022-03-20 12:42:12 INFO  .:76 - The execution of method logout started here ...
2022-03-20 12:42:16 INFO  .:88 - The execution of method logout ended here ...
2022-03-20 12:42:16 INFO  .:166 - In Test Scenario Login the method logout execution status is :Pass
2022-03-20 12:42:16 INFO  .:121 - The execution of method closeApplication started here ...
2022-03-20 12:42:17 INFO  .:124 - The execution of method closeApplication ended here ...
2022-03-20 12:42:17 INFO  .:166 - In Test Scenario Login the method closeApplication execution status is :Pass
2022-03-20 12:42:17 INFO  .:180 - +++++++++++++++++++++++++++++++
2022-03-20 12:42:19 INFO  .:86 - The execution of method navigate started here ...
2022-03-20 12:42:25 INFO  .:98 - The execution of method navigate ended here ...
2022-03-20 12:42:25 INFO  .:166 - In Test Scenario CreateUser the method navigate execution status is :Pass
2022-03-20 12:42:25 INFO  .:32 - The execution of method login started here ...
2022-03-20 12:42:31 INFO  .:50 - The execution of method login ended here ...
2022-03-20 12:42:31 INFO  .:166 - In Test Scenario CreateUser the method login execution status is :Pass
2022-03-20 12:42:33 INFO  .:166 - In Test Scenario CreateUser the method minimizeFlyOutWindow execution status is :Pass
2022-03-20 12:42:33 INFO  .:32 - The execution of method createUser started here ...
2022-03-20 12:42:47 INFO  .:60 - The execution of method createUser ended here ...
2022-03-20 12:42:47 INFO  .:166 - In Test Scenario CreateUser the method createUser execution status is :Pass
2022-03-20 12:42:47 INFO  .:131 - The execution of method deleteUser started here ...
2022-03-20 12:42:57 INFO  .:147 - The execution of method deleteUser ended here ...
2022-03-20 12:42:57 INFO  .:166 - In Test Scenario CreateUser the method deleteUser execution status is :Pass
2022-03-20 12:42:57 INFO  .:76 - The execution of method logout started here ...
2022-03-20 12:43:01 INFO  .:88 - The execution of method logout ended here ...
2022-03-20 12:43:01 INFO  .:166 - In Test Scenario CreateUser the method logout execution status is :Pass
2022-03-20 12:43:01 INFO  .:121 - The execution of method closeApplication started here ...
2022-03-20 12:43:02 INFO  .:124 - The execution of method closeApplication ended here ...
2022-03-20 12:43:02 INFO  .:166 - In Test Scenario CreateUser the method closeApplication execution status is :Pass
2022-03-20 12:43:02 INFO  .:180 - +++++++++++++++++++++++++++++++
2022-03-20 12:43:04 INFO  .:86 - The execution of method navigate started here ...
2022-03-20 12:43:11 INFO  .:98 - The execution of method navigate ended here ...
2022-03-20 12:43:11 INFO  .:166 - In Test Scenario ModifyUser the method navigate execution status is :Pass
2022-03-20 12:43:11 INFO  .:32 - The execution of method login started here ...
2022-03-20 12:43:16 INFO  .:50 - The execution of method login ended here ...
2022-03-20 12:43:16 INFO  .:166 - In Test Scenario ModifyUser the method login execution status is :Pass
2022-03-20 12:43:19 INFO  .:166 - In Test Scenario ModifyUser the method minimizeFlyOutWindow execution status is :Pass
2022-03-20 12:43:19 INFO  .:32 - The execution of method createUser started here ...
2022-03-20 12:43:29 INFO  .:60 - The execution of method createUser ended here ...
2022-03-20 12:43:29 INFO  .:166 - In Test Scenario ModifyUser the method createUser execution status is :Pass
2022-03-20 12:43:30 INFO  .:86 - The execution of method modifyUser started here ...
2022-03-20 12:43:39 INFO  .:106 - The execution of method modifyUser ended here ...
2022-03-20 12:43:40 INFO  .:166 - In Test Scenario ModifyUser the method modifyUser execution status is :Fail
2022-03-20 12:43:40 INFO  .:131 - The execution of method deleteUser started here ...
2022-03-20 12:43:49 INFO  .:147 - The execution of method deleteUser ended here ...
2022-03-20 12:43:49 INFO  .:166 - In Test Scenario ModifyUser the method deleteUser execution status is :Pass
2022-03-20 12:43:49 INFO  .:76 - The execution of method logout started here ...
2022-03-20 12:43:54 INFO  .:88 - The execution of method logout ended here ...
2022-03-20 12:43:54 INFO  .:166 - In Test Scenario ModifyUser the method logout execution status is :Pass
2022-03-20 12:43:54 INFO  .:121 - The execution of method closeApplication started here ...
2022-03-20 12:43:54 INFO  .:124 - The execution of method closeApplication ended here ...
2022-03-20 12:43:54 INFO  .:166 - In Test Scenario ModifyUser the method closeApplication execution status is :Pass
2022-03-20 12:43:54 INFO  .:180 - +++++++++++++++++++++++++++++++
2022-03-20 12:43:54 INFO  .:180 - +++++++++++++++++++++++++++++++
2022-03-20 12:43:54 INFO  .:180 - +++++++++++++++++++++++++++++++
2022-03-20 12:43:54 INFO  .:180 - +++++++++++++++++++++++++++++++
2022-03-20 12:43:54 INFO  .:180 - +++++++++++++++++++++++++++++++
2022-03-20 12:43:54 INFO  .:183 - The execution of method executeTestScenarios ended here ...
2022-03-20 12:43:54 INFO  .:205 - The execution of method endAutomationSuite ended here ...
2022-03-20 12:43:54 INFO  .:208 - The execution of method endAutomationSuite ended here ...
2022-03-20 13:00:06 INFO  .:69 - The execution of method loadFiles started here ...
2022-03-20 13:00:06 INFO  .:84 - The execution of method loadFiles ended here ...
2022-03-20 13:00:10 INFO  .:86 - The execution of method navigate started here ...
2022-03-20 13:00:16 INFO  .:98 - The execution of method navigate ended here ...
2022-03-20 13:00:16 INFO  .:166 - In Test Scenario Login the method navigate execution status is :Pass
2022-03-20 13:00:16 INFO  .:32 - The execution of method login started here ...
2022-03-20 13:00:22 INFO  .:50 - The execution of method login ended here ...
2022-03-20 13:00:22 INFO  .:166 - In Test Scenario Login the method login execution status is :Pass
2022-03-20 13:00:24 INFO  .:166 - In Test Scenario Login the method minimizeFlyOutWindow execution status is :Pass
2022-03-20 13:00:25 INFO  .:76 - The execution of method logout started here ...
2022-03-20 13:00:29 INFO  .:88 - The execution of method logout ended here ...
2022-03-20 13:00:29 INFO  .:166 - In Test Scenario Login the method logout execution status is :Pass
2022-03-20 13:00:29 INFO  .:121 - The execution of method closeApplication started here ...
2022-03-20 13:00:30 INFO  .:124 - The execution of method closeApplication ended here ...
2022-03-20 13:00:30 INFO  .:166 - In Test Scenario Login the method closeApplication execution status is :Pass
2022-03-20 13:00:30 INFO  .:180 - +++++++++++++++++++++++++++++++
2022-03-20 13:00:31 INFO  .:86 - The execution of method navigate started here ...
2022-03-20 13:00:38 INFO  .:98 - The execution of method navigate ended here ...
2022-03-20 13:00:38 INFO  .:166 - In Test Scenario CreateUser the method navigate execution status is :Pass
2022-03-20 13:00:38 INFO  .:32 - The execution of method login started here ...
2022-03-20 13:00:44 INFO  .:50 - The execution of method login ended here ...
2022-03-20 13:00:44 INFO  .:166 - In Test Scenario CreateUser the method login execution status is :Pass
2022-03-20 13:00:46 INFO  .:166 - In Test Scenario CreateUser the method minimizeFlyOutWindow execution status is :Pass
2022-03-20 13:00:46 INFO  .:32 - The execution of method createUser started here ...
2022-03-20 13:00:57 INFO  .:60 - The execution of method createUser ended here ...
2022-03-20 13:00:57 INFO  .:166 - In Test Scenario CreateUser the method createUser execution status is :Pass
2022-03-20 13:00:58 INFO  .:131 - The execution of method deleteUser started here ...
2022-03-20 13:01:07 INFO  .:147 - The execution of method deleteUser ended here ...
2022-03-20 13:01:07 INFO  .:166 - In Test Scenario CreateUser the method deleteUser execution status is :Pass
2022-03-20 13:01:07 INFO  .:76 - The execution of method logout started here ...
2022-03-20 13:01:11 INFO  .:88 - The execution of method logout ended here ...
2022-03-20 13:01:11 INFO  .:166 - In Test Scenario CreateUser the method logout execution status is :Pass
2022-03-20 13:01:11 INFO  .:121 - The execution of method closeApplication started here ...
2022-03-20 13:01:12 INFO  .:124 - The execution of method closeApplication ended here ...
2022-03-20 13:01:12 INFO  .:166 - In Test Scenario CreateUser the method closeApplication execution status is :Pass
2022-03-20 13:01:12 INFO  .:180 - +++++++++++++++++++++++++++++++
2022-03-20 13:01:13 INFO  .:86 - The execution of method navigate started here ...
2022-03-20 13:01:19 INFO  .:98 - The execution of method navigate ended here ...
2022-03-20 13:01:19 INFO  .:166 - In Test Scenario ModifyUser the method navigate execution status is :Pass
2022-03-20 13:01:19 INFO  .:32 - The execution of method login started here ...
2022-03-20 13:01:25 INFO  .:50 - The execution of method login ended here ...
2022-03-20 13:01:25 INFO  .:166 - In Test Scenario ModifyUser the method login execution status is :Pass
2022-03-20 13:01:27 INFO  .:166 - In Test Scenario ModifyUser the method minimizeFlyOutWindow execution status is :Pass
2022-03-20 13:01:27 INFO  .:32 - The execution of method createUser started here ...
2022-03-20 13:01:38 INFO  .:60 - The execution of method createUser ended here ...
2022-03-20 13:01:38 INFO  .:166 - In Test Scenario ModifyUser the method createUser execution status is :Pass
2022-03-20 13:01:38 INFO  .:86 - The execution of method modifyUser started here ...
2022-03-20 13:01:48 INFO  .:106 - The execution of method modifyUser ended here ...
2022-03-20 13:01:48 INFO  .:166 - In Test Scenario ModifyUser the method modifyUser execution status is :Fail
2022-03-20 13:01:48 INFO  .:131 - The execution of method deleteUser started here ...
2022-03-20 13:01:58 INFO  .:147 - The execution of method deleteUser ended here ...
2022-03-20 13:01:58 INFO  .:166 - In Test Scenario ModifyUser the method deleteUser execution status is :Pass
2022-03-20 13:01:58 INFO  .:76 - The execution of method logout started here ...
2022-03-20 13:02:02 INFO  .:88 - The execution of method logout ended here ...
2022-03-20 13:02:02 INFO  .:166 - In Test Scenario ModifyUser the method logout execution status is :Pass
2022-03-20 13:02:02 INFO  .:121 - The execution of method closeApplication started here ...
2022-03-20 13:02:03 INFO  .:124 - The execution of method closeApplication ended here ...
2022-03-20 13:02:03 INFO  .:166 - In Test Scenario ModifyUser the method closeApplication execution status is :Pass
2022-03-20 13:02:03 INFO  .:180 - +++++++++++++++++++++++++++++++
2022-03-20 13:02:03 INFO  .:180 - +++++++++++++++++++++++++++++++
2022-03-20 13:02:03 INFO  .:180 - +++++++++++++++++++++++++++++++
2022-03-20 13:02:03 INFO  .:180 - +++++++++++++++++++++++++++++++
2022-03-20 13:02:03 INFO  .:180 - +++++++++++++++++++++++++++++++
2022-03-20 13:02:03 INFO  .:183 - The execution of method executeTestScenarios ended here ...
2022-03-20 13:02:03 INFO  .:205 - The execution of method endAutomationSuite ended here ...
2022-03-20 13:02:03 INFO  .:208 - The execution of method endAutomationSuite ended here ...
